<?xml version="1.0" encoding="UTF-8"?>
<testng-results ignored="0" total="1" passed="0" failed="0" skipped="1">
  <reporter-output>
  </reporter-output>
  <suite started-at="2025-04-17T15:20:01 IST" name="Default suite" finished-at="2025-04-17T15:20:02 IST" duration-ms="351">
    <groups>
    </groups>
    <test started-at="2025-04-17T15:20:01 IST" name="Default test" finished-at="2025-04-17T15:20:02 IST" duration-ms="351">
      <class name="selenium_Intro_RahulShetty.ExcelDataDrivenApachePOI_10.ExcelTest">
        <test-method signature="testExcelData(java.lang.String,java.lang.String,java.lang.String)[pri:0, instance:selenium_Intro_RahulShetty.ExcelDataDrivenApachePOI_10.ExcelTest@693fe6c9]" started-at="2025-04-17T15:20:02 IST" name="testExcelData" data-provider="excelData" finished-at="2025-04-17T15:20:02 IST" duration-ms="0" status="SKIP">
          <exception class="java.lang.RuntimeException">
            <message>
              <![CDATA[java.lang.NoSuchMethodError: 'org.apache.commons.io.output.UnsynchronizedByteArrayOutputStream$Builder org.apache.commons.io.output.UnsynchronizedByteArrayOutputStream.builder()']]>
            </message>
            <full-stacktrace>
              <![CDATA[java.lang.RuntimeException: java.lang.NoSuchMethodError: 'org.apache.commons.io.output.UnsynchronizedByteArrayOutputStream$Builder org.apache.commons.io.output.UnsynchronizedByteArrayOutputStream.builder()'
at org.testng.internal.MethodInvocationHelper.invokeMethodNoCheckedException(MethodInvocationHelper.java:50)
at org.testng.internal.MethodInvocationHelper.invokeDataProvider(MethodInvocationHelper.java:146)
at org.testng.internal.Parameters.handleParameters(Parameters.java:798)
at org.testng.internal.Parameters.handleParameters(Parameters.java:740)
at org.testng.internal.ParameterHandler.handleParameters(ParameterHandler.java:59)
at org.testng.internal.ParameterHandler.createParameters(ParameterHandler.java:38)
at org.testng.internal.TestInvoker$MethodInvocationAgent.invoke(TestInvoker.java:791)
at org.testng.internal.TestInvoker.invokeTestMethods(TestInvoker.java:146)
at org.testng.internal.TestMethodWorker.invokeTestMethods(TestMethodWorker.java:146)
at org.testng.internal.TestMethodWorker.run(TestMethodWorker.java:128)
at java.base/java.util.ArrayList.forEach(ArrayList.java:1511)
at org.testng.TestRunner.privateRun(TestRunner.java:794)
at org.testng.TestRunner.run(TestRunner.java:596)
at org.testng.SuiteRunner.runTest(SuiteRunner.java:377)
at org.testng.SuiteRunner.runSequentially(SuiteRunner.java:371)
at org.testng.SuiteRunner.privateRun(SuiteRunner.java:332)
at org.testng.SuiteRunner.run(SuiteRunner.java:276)
at org.testng.SuiteRunnerWorker.runSuite(SuiteRunnerWorker.java:53)
at org.testng.SuiteRunnerWorker.run(SuiteRunnerWorker.java:96)
at org.testng.TestNG.runSuitesSequentially(TestNG.java:1212)
at org.testng.TestNG.runSuitesLocally(TestNG.java:1134)
at org.testng.TestNG.runSuites(TestNG.java:1063)
at org.testng.TestNG.run(TestNG.java:1031)
at org.testng.remote.AbstractRemoteTestNG.run(AbstractRemoteTestNG.java:115)
at org.testng.remote.RemoteTestNG.initAndRun(RemoteTestNG.java:251)
at org.testng.remote.RemoteTestNG.main(RemoteTestNG.java:77)
Caused by: java.lang.NoSuchMethodError: 'org.apache.commons.io.output.UnsynchronizedByteArrayOutputStream$Builder org.apache.commons.io.output.UnsynchronizedByteArrayOutputStream.builder()'
at org.apache.poi.util.IOUtils.peekFirstNBytes(IOUtils.java:152)
at org.apache.poi.poifs.filesystem.FileMagic.valueOf(FileMagic.java:209)
at org.apache.poi.openxml4j.opc.internal.ZipHelper.verifyZipHeader(ZipHelper.java:147)
at org.apache.poi.openxml4j.opc.internal.ZipHelper.openZipStream(ZipHelper.java:191)
at org.apache.poi.openxml4j.opc.ZipPackage.<init>(ZipPackage.java:210)
at org.apache.poi.openxml4j.opc.OPCPackage.open(OPCPackage.java:517)
at org.apache.poi.openxml4j.opc.OPCPackage.open(OPCPackage.java:490)
at org.apache.poi.ooxml.util.PackageHelper.open(PackageHelper.java:67)
at org.apache.poi.xssf.usermodel.XSSFWorkbook.<init>(XSSFWorkbook.java:315)
at org.apache.poi.xssf.usermodel.XSSFWorkbook.<init>(XSSFWorkbook.java:289)
at selenium_Intro_RahulShetty.ExcelDataDrivenApachePOI_10.ExcelReader.readExcelData(ExcelReader.java:18)
at selenium_Intro_RahulShetty.ExcelDataDrivenApachePOI_10.ExcelReader.getExcelData(ExcelReader.java:63)
at java.base/jdk.internal.reflect.NativeMethodAccessorImpl.invoke0(Native Method)
at java.base/jdk.internal.reflect.NativeMethodAccessorImpl.invoke(NativeMethodAccessorImpl.java:77)
at java.base/jdk.internal.reflect.DelegatingMethodAccessorImpl.invoke(DelegatingMethodAccessorImpl.java:43)
at java.base/java.lang.reflect.Method.invoke(Method.java:568)
at org.testng.internal.MethodInvocationHelper.invokeMethod(MethodInvocationHelper.java:133)
at org.testng.internal.MethodInvocationHelper.invokeMethod(MethodInvocationHelper.java:77)
at org.testng.internal.MethodInvocationHelper.invokeMethodNoCheckedException(MethodInvocationHelper.java:46)
... 25 more
]]>
            </full-stacktrace>
          </exception> <!-- java.lang.RuntimeException -->
          <reporter-output>
          </reporter-output>
        </test-method> <!-- testExcelData -->
      </class> <!-- selenium_Intro_RahulShetty.ExcelDataDrivenApachePOI_10.ExcelTest -->
    </test> <!-- Default test -->
  </suite> <!-- Default suite -->
</testng-results>
